<?xml version="1.0" encoding="UTF-8"?>
<testsuite name="com.kodilla.stream.array.ArrayOperationsTestSuite" tests="1" skipped="0" failures="0" errors="0" timestamp="2019-02-27T21:06:48" hostname="Angels" time="0.092">
  <properties/>
  <testcase name="testGetAverage" classname="com.kodilla.stream.array.ArrayOperationsTestSuite" time="0.092"/>
  <system-out><![CDATA[Liczby dla ktĂłrych bÄ™dzie obliczana Ĺ›rednia:
2
2
2
6
6
6
Ĺšrednia liczb wynosi: 4.0
]]></system-out>
  <system-err><![CDATA[]]></system-err>
</testsuite>
