<?xml version="1.0" encoding="UTF-8"?>
<testsuite name="com.kodilla.testing.forum.statistics.StatisticsTestSuite" tests="7" skipped="0" failures="0" errors="0" timestamp="2019-02-27T21:06:58" hostname="Angels" time="0.42">
  <properties/>
  <testcase name="testCalculateAdvStatisticsMoreComments" classname="com.kodilla.testing.forum.statistics.StatisticsTestSuite" time="0.406"/>
  <testcase name="testCalculateAdvStatistics0comments" classname="com.kodilla.testing.forum.statistics.StatisticsTestSuite" time="0.002"/>
  <testcase name="testCalculateAdvStatistics0Users" classname="com.kodilla.testing.forum.statistics.StatisticsTestSuite" time="0.002"/>
  <testcase name="testCalculateAdvStatistics0posts" classname="com.kodilla.testing.forum.statistics.StatisticsTestSuite" time="0.002"/>
  <testcase name="testCalculateAdvStatistics100Users" classname="com.kodilla.testing.forum.statistics.StatisticsTestSuite" time="0.002"/>
  <testcase name="testCalculateAdvStatisticsMorePosts" classname="com.kodilla.testing.forum.statistics.StatisticsTestSuite" time="0.002"/>
  <testcase name="testCalculateAdvStatistics1000posts" classname="com.kodilla.testing.forum.statistics.StatisticsTestSuite" time="0.003"/>
  <system-out><![CDATA[]]></system-out>
  <system-err><![CDATA[]]></system-err>
</testsuite>
