<?xml version="1.0" encoding="UTF-8"?>
<testsuite name="com.kodilla.testing.collection.CollectionTestSuite" tests="2" skipped="0" failures="0" errors="0" timestamp="2019-06-21T17:11:25" hostname="Angels" time="0.005">
  <properties/>
  <testcase name="testOddNumbersExterminatorEmptyList" classname="com.kodilla.testing.collection.CollectionTestSuite" time="0.004"/>
  <testcase name="testOddNumbersExterminatorNormalList" classname="com.kodilla.testing.collection.CollectionTestSuite" time="0.001"/>
  <system-out><![CDATA[Rozpoczynam testowanie
Tozpoczynam test
Testowanie pustej tabeli
Test zakończony
Tozpoczynam test
Testowanie selekcji liczb parzystych
Test zakończony
Testowanie zakończone
]]></system-out>
  <system-err><![CDATA[]]></system-err>
</testsuite>
