<?xml version="1.0" encoding="UTF-8"?>
<testsuite name="com.kodilla.spring.calculator.CalculatorTestSuite" tests="1" skipped="0" failures="0" errors="0" timestamp="2019-06-21T07:38:55" hostname="Angels" time="0.307">
  <properties/>
  <testcase name="testCalculations" classname="com.kodilla.spring.calculator.CalculatorTestSuite" time="0.307"/>
  <system-out><![CDATA[2019-06-21 09:38:55.382  INFO 2300 --- [    Test worker] .b.t.c.SpringBootTestContextBootstrapper : Neither @ContextConfiguration nor @ContextHierarchy found for test class [com.kodilla.spring.calculator.CalculatorTestSuite], using SpringBootContextLoader
2019-06-21 09:38:55.382  INFO 2300 --- [    Test worker] o.s.t.c.support.AbstractContextLoader    : Could not detect default resource locations for test class [com.kodilla.spring.calculator.CalculatorTestSuite]: no resource found for suffixes {-context.xml, Context.groovy}.
2019-06-21 09:38:55.382  INFO 2300 --- [    Test worker] t.c.s.AnnotationConfigContextLoaderUtils : Could not detect default configuration classes for test class [com.kodilla.spring.calculator.CalculatorTestSuite]: CalculatorTestSuite does not declare any static, non-private, non-final, nested classes annotated with @Configuration.
2019-06-21 09:38:55.398  INFO 2300 --- [    Test worker] .b.t.c.SpringBootTestContextBootstrapper : Found @SpringBootConfiguration com.kodilla.spring.SpringRunner for test class com.kodilla.spring.calculator.CalculatorTestSuite
2019-06-21 09:38:55.398  INFO 2300 --- [    Test worker] .b.t.c.SpringBootTestContextBootstrapper : Loaded default TestExecutionListener class names from location [META-INF/spring.factories]: [org.springframework.boot.test.autoconfigure.restdocs.RestDocsTestExecutionListener, org.springframework.boot.test.autoconfigure.web.client.MockRestServiceServerResetTestExecutionListener, org.springframework.boot.test.autoconfigure.web.servlet.MockMvcPrintOnlyOnFailureTestExecutionListener, org.springframework.boot.test.autoconfigure.web.servlet.WebDriverTestExecutionListener, org.springframework.boot.test.mock.mockito.MockitoTestExecutionListener, org.springframework.boot.test.mock.mockito.ResetMocksTestExecutionListener, org.springframework.test.context.web.ServletTestExecutionListener, org.springframework.test.context.support.DirtiesContextBeforeModesTestExecutionListener, org.springframework.test.context.support.DependencyInjectionTestExecutionListener, org.springframework.test.context.support.DirtiesContextTestExecutionListener, org.springframework.test.context.transaction.TransactionalTestExecutionListener, org.springframework.test.context.jdbc.SqlScriptsTestExecutionListener]
2019-06-21 09:38:55.398  INFO 2300 --- [    Test worker] .b.t.c.SpringBootTestContextBootstrapper : Using TestExecutionListeners: [org.springframework.test.context.support.DirtiesContextBeforeModesTestExecutionListener@1f032658, org.springframework.boot.test.mock.mockito.MockitoTestExecutionListener@f0bf861, org.springframework.boot.test.autoconfigure.SpringBootDependencyInjectionTestExecutionListener@76fdc88b, org.springframework.test.context.support.DirtiesContextTestExecutionListener@7af83891, org.springframework.boot.test.autoconfigure.restdocs.RestDocsTestExecutionListener@7ccfe070, org.springframework.boot.test.autoconfigure.web.client.MockRestServiceServerResetTestExecutionListener@2c57d778, org.springframework.boot.test.autoconfigure.web.servlet.MockMvcPrintOnlyOnFailureTestExecutionListener@3476fbe9, org.springframework.boot.test.autoconfigure.web.servlet.WebDriverTestExecutionListener@ff16146, org.springframework.boot.test.mock.mockito.ResetMocksTestExecutionListener@c3ecca8]
Metoda dodaje liczby: 2.0 i 3.0
Wynikiem działania jest: 5.0
Metoda odejmuje liczby: 3.0 i 1.0
Wynikiem działania jest: 2.0
Metoda mnoży liczby: 2.0 i 2.0
Wynikiem działania jest: 4.0
Metoda dzieli liczbę: 6.0 przez 2.0
Wynikiem działania jest: 3.0
]]></system-out>
  <system-err><![CDATA[]]></system-err>
</testsuite>
