<?xml version="1.0" encoding="UTF-8"?>
<testsuite name="com.kodilla.spring.reader.ReaderTestSuite" tests="1" skipped="0" failures="0" errors="0" timestamp="2019-03-28T20:42:55" hostname="Angels" time="0.026">
  <properties/>
  <testcase name="testRead" classname="com.kodilla.spring.reader.ReaderTestSuite" time="0.026"/>
  <system-out><![CDATA[Reading: The book number one
]]></system-out>
  <system-err><![CDATA[]]></system-err>
</testsuite>
