<?xml version="1.0" encoding="UTF-8"?>
<testsuite name="com.kodilla.spring.SpringRunnerTestSuite" tests="4" skipped="0" failures="0" errors="0" timestamp="2019-04-16T20:30:42" hostname="Angels" time="1.222">
  <properties/>
  <testcase name="testCircleLoadedIntoContainer" classname="com.kodilla.spring.SpringRunnerTestSuite" time="0.343"/>
  <testcase name="testShapeLoadedIntoContainer" classname="com.kodilla.spring.SpringRunnerTestSuite" time="0.282"/>
  <testcase name="testSquareLoadedIntoContainer" classname="com.kodilla.spring.SpringRunnerTestSuite" time="0.306"/>
  <testcase name="testTriangleLoadedIntoContainer" classname="com.kodilla.spring.SpringRunnerTestSuite" time="0.283"/>
  <system-out><![CDATA[2019-04-16 22:30:42.815  INFO 6068 --- [    Test worker] .b.t.c.SpringBootTestContextBootstrapper : Neither @ContextConfiguration nor @ContextHierarchy found for test class [com.kodilla.spring.SpringRunnerTestSuite], using SpringBootContextLoader
2019-04-16 22:30:42.815  INFO 6068 --- [    Test worker] o.s.t.c.support.AbstractContextLoader    : Could not detect default resource locations for test class [com.kodilla.spring.SpringRunnerTestSuite]: no resource found for suffixes {-context.xml, Context.groovy}.
2019-04-16 22:30:42.815  INFO 6068 --- [    Test worker] t.c.s.AnnotationConfigContextLoaderUtils : Could not detect default configuration classes for test class [com.kodilla.spring.SpringRunnerTestSuite]: SpringRunnerTestSuite does not declare any static, non-private, non-final, nested classes annotated with @Configuration.
2019-04-16 22:30:42.831  INFO 6068 --- [    Test worker] .b.t.c.SpringBootTestContextBootstrapper : Found @SpringBootConfiguration com.kodilla.spring.SpringRunner for test class com.kodilla.spring.SpringRunnerTestSuite
2019-04-16 22:30:42.831  INFO 6068 --- [    Test worker] .b.t.c.SpringBootTestContextBootstrapper : Loaded default TestExecutionListener class names from location [META-INF/spring.factories]: [org.springframework.boot.test.autoconfigure.restdocs.RestDocsTestExecutionListener, org.springframework.boot.test.autoconfigure.web.client.MockRestServiceServerResetTestExecutionListener, org.springframework.boot.test.autoconfigure.web.servlet.MockMvcPrintOnlyOnFailureTestExecutionListener, org.springframework.boot.test.autoconfigure.web.servlet.WebDriverTestExecutionListener, org.springframework.boot.test.mock.mockito.MockitoTestExecutionListener, org.springframework.boot.test.mock.mockito.ResetMocksTestExecutionListener, org.springframework.test.context.web.ServletTestExecutionListener, org.springframework.test.context.support.DirtiesContextBeforeModesTestExecutionListener, org.springframework.test.context.support.DependencyInjectionTestExecutionListener, org.springframework.test.context.support.DirtiesContextTestExecutionListener, org.springframework.test.context.transaction.TransactionalTestExecutionListener, org.springframework.test.context.jdbc.SqlScriptsTestExecutionListener]
2019-04-16 22:30:42.831  INFO 6068 --- [    Test worker] .b.t.c.SpringBootTestContextBootstrapper : Using TestExecutionListeners: [org.springframework.test.context.support.DirtiesContextBeforeModesTestExecutionListener@1c6c72f0, org.springframework.boot.test.mock.mockito.MockitoTestExecutionListener@69814f47, org.springframework.boot.test.autoconfigure.SpringBootDependencyInjectionTestExecutionListener@1bfca10, org.springframework.test.context.support.DirtiesContextTestExecutionListener@197b48e6, org.springframework.boot.test.autoconfigure.restdocs.RestDocsTestExecutionListener@66ff52cb, org.springframework.boot.test.autoconfigure.web.client.MockRestServiceServerResetTestExecutionListener@5e7c224, org.springframework.boot.test.autoconfigure.web.servlet.MockMvcPrintOnlyOnFailureTestExecutionListener@7af767c2, org.springframework.boot.test.autoconfigure.web.servlet.WebDriverTestExecutionListener@39883c02, org.springframework.boot.test.mock.mockito.ResetMocksTestExecutionListener@25fd48f2]
Chosen shape says: This is a square.
]]></system-out>
  <system-err><![CDATA[]]></system-err>
</testsuite>
