<?xml version="1.0" encoding="UTF-8"?>
<testsuite name="com.kodilla.spring.portfolio.BoardTestSuite" tests="1" skipped="0" failures="0" errors="0" timestamp="2019-06-21T07:38:55" hostname="Angels" time="0.015">
  <properties/>
  <testcase name="testTaskAdd" classname="com.kodilla.spring.portfolio.BoardTestSuite" time="0.015"/>
  <system-out><![CDATA[2019-06-21 09:38:55.929  INFO 2300 --- [    Test worker] .b.t.c.SpringBootTestContextBootstrapper : Neither @ContextConfiguration nor @ContextHierarchy found for test class [com.kodilla.spring.portfolio.BoardTestSuite], using SpringBootContextLoader
2019-06-21 09:38:55.929  INFO 2300 --- [    Test worker] o.s.t.c.support.AbstractContextLoader    : Could not detect default resource locations for test class [com.kodilla.spring.portfolio.BoardTestSuite]: no resource found for suffixes {-context.xml, Context.groovy}.
2019-06-21 09:38:55.929  INFO 2300 --- [    Test worker] t.c.s.AnnotationConfigContextLoaderUtils : Could not detect default configuration classes for test class [com.kodilla.spring.portfolio.BoardTestSuite]: BoardTestSuite does not declare any static, non-private, non-final, nested classes annotated with @Configuration.
2019-06-21 09:38:55.945  INFO 2300 --- [    Test worker] .b.t.c.SpringBootTestContextBootstrapper : Found @SpringBootConfiguration com.kodilla.spring.SpringRunner for test class com.kodilla.spring.portfolio.BoardTestSuite
2019-06-21 09:38:55.945  INFO 2300 --- [    Test worker] .b.t.c.SpringBootTestContextBootstrapper : Loaded default TestExecutionListener class names from location [META-INF/spring.factories]: [org.springframework.boot.test.autoconfigure.restdocs.RestDocsTestExecutionListener, org.springframework.boot.test.autoconfigure.web.client.MockRestServiceServerResetTestExecutionListener, org.springframework.boot.test.autoconfigure.web.servlet.MockMvcPrintOnlyOnFailureTestExecutionListener, org.springframework.boot.test.autoconfigure.web.servlet.WebDriverTestExecutionListener, org.springframework.boot.test.mock.mockito.MockitoTestExecutionListener, org.springframework.boot.test.mock.mockito.ResetMocksTestExecutionListener, org.springframework.test.context.web.ServletTestExecutionListener, org.springframework.test.context.support.DirtiesContextBeforeModesTestExecutionListener, org.springframework.test.context.support.DependencyInjectionTestExecutionListener, org.springframework.test.context.support.DirtiesContextTestExecutionListener, org.springframework.test.context.transaction.TransactionalTestExecutionListener, org.springframework.test.context.jdbc.SqlScriptsTestExecutionListener]
2019-06-21 09:38:55.945  INFO 2300 --- [    Test worker] .b.t.c.SpringBootTestContextBootstrapper : Using TestExecutionListeners: [org.springframework.test.context.support.DirtiesContextBeforeModesTestExecutionListener@3168abd1, org.springframework.boot.test.mock.mockito.MockitoTestExecutionListener@39034320, org.springframework.boot.test.autoconfigure.SpringBootDependencyInjectionTestExecutionListener@4f0933c9, org.springframework.test.context.support.DirtiesContextTestExecutionListener@38935abf, org.springframework.boot.test.autoconfigure.restdocs.RestDocsTestExecutionListener@4cd1485f, org.springframework.boot.test.autoconfigure.web.client.MockRestServiceServerResetTestExecutionListener@6f6818a6, org.springframework.boot.test.autoconfigure.web.servlet.MockMvcPrintOnlyOnFailureTestExecutionListener@6979e9f9, org.springframework.boot.test.autoconfigure.web.servlet.WebDriverTestExecutionListener@4b9d00cb, org.springframework.boot.test.mock.mockito.ResetMocksTestExecutionListener@dc83a57]
]]></system-out>
  <system-err><![CDATA[]]></system-err>
</testsuite>
