<?xml version="1.0" encoding="UTF-8"?>
<testsuite name="com.kodilla.patterns.builder.checkers.CheckersTestSuite" tests="1" skipped="0" failures="0" errors="0" timestamp="2019-06-21T17:11:15" hostname="Angels" time="0.006">
  <properties/>
  <testcase name="testCheckersBuilder" classname="com.kodilla.patterns.builder.checkers.CheckersTestSuite" time="0.006"/>
  <system-out><![CDATA[|  |  |wQ|wP|  |  |  |  |  |  |
|  |  |  |  |  |  |  |  |  |  |
|  |  |  |  |  |  |  |  |  |  |
|  |  |  |  |  |  |  |  |  |  |
|  |  |  |  |  |  |  |  |  |  |
|  |  |  |  |  |  |  |  |  |  |
|  |  |  |  |  |  |  |  |  |  |
|  |  |  |  |  |  |  |  |  |  |
|  |  |  |  |  |  |  |  |  |  |
|  |  |  |  |  |  |  |bP|  |  |

]]></system-out>
  <system-err><![CDATA[]]></system-err>
</testsuite>
