<?xml version="1.0" encoding="UTF-8"?>
<testsuite name="com.kodilla.patterns.singleton.LoggerTestSuite" tests="1" skipped="0" failures="0" errors="0" timestamp="2019-04-16T20:30:59" hostname="Angels" time="0.0">
  <properties/>
  <testcase name="testgetLastLog" classname="com.kodilla.patterns.singleton.LoggerTestSuite" time="0.0"/>
  <system-out><![CDATA[Log: [Some log]
]]></system-out>
  <system-err><![CDATA[]]></system-err>
</testsuite>
